1770817878.184134 client started (33609): version 3.6a, socket /tmp/tmux-1000/default, protocol 8
1770817878.184154 on Linux 6.6.87.2-microsoft-standard-WSL2 #1 SMP PREEMPT_DYNAMIC Thu Jun  5 18:30:46 UTC 2025
1770817878.184156 using libevent 2.1.12-stable poll
1770817878.184195 using utf8proc 2.11.2
1770817878.184197 using ncurses 6.5 20240427
1770817878.184206 flags are 0x18010000
1770817878.184219 socket is /tmp/tmux-1000/default
1770817878.184229 trying connect
1770817878.184242 connect failed: Connection refused
1770817878.184248 lock file is /tmp/tmux-1000/default.lock
1770817878.184275 flock succeeded
1770817878.184279 got lock (7)
1770817878.184285 trying connect
1770817878.184290 connect failed: Connection refused
1770817878.184526 add peer 0x5aafffdc1110: 8 ((nil))
1770817878.184860 sending message 111 to peer 0x5aafffdc1110 (8 bytes)
1770817878.184864 sending message 111 to peer 0x5aafffdc1110 (8 bytes)
1770817878.184866 sending message 101 to peer 0x5aafffdc1110 (15 bytes)
1770817878.184868 sending message 109 to peer 0x5aafffdc1110 (4 bytes)
1770817878.184870 sending message 102 to peer 0x5aafffdc1110 (11 bytes)
1770817878.184872 sending message 108 to peer 0x5aafffdc1110 (25 bytes)
1770817878.184874 sending message 112 to peer 0x5aafffdc1110 (58 bytes)
1770817878.184875 sending message 112 to peer 0x5aafffdc1110 (5 bytes)
1770817878.184877 sending message 112 to peer 0x5aafffdc1110 (5 bytes)
1770817878.184879 sending message 112 to peer 0x5aafffdc1110 (6 bytes)
1770817878.184881 sending message 112 to peer 0x5aafffdc1110 (6 bytes)
1770817878.184882 sending message 112 to peer 0x5aafffdc1110 (11 bytes)
1770817878.184884 sending message 112 to peer 0x5aafffdc1110 (10 bytes)
1770817878.184886 sending message 112 to peer 0x5aafffdc1110 (13 bytes)
1770817878.184887 sending message 112 to peer 0x5aafffdc1110 (14 bytes)
1770817878.184898 sending message 112 to peer 0x5aafffdc1110 (19 bytes)
1770817878.184900 sending message 112 to peer 0x5aafffdc1110 (11 bytes)
1770817878.184902 sending message 112 to peer 0x5aafffdc1110 (10 bytes)
1770817878.184904 sending message 112 to peer 0x5aafffdc1110 (15 bytes)
1770817878.184905 sending message 112 to peer 0x5aafffdc1110 (21 bytes)
1770817878.184907 sending message 112 to peer 0x5aafffdc1110 (13 bytes)
1770817878.184909 sending message 112 to peer 0x5aafffdc1110 (7 bytes)
1770817878.184910 sending message 112 to peer 0x5aafffdc1110 (13 bytes)
1770817878.184912 sending message 112 to peer 0x5aafffdc1110 (7 bytes)
1770817878.184913 sending message 112 to peer 0x5aafffdc1110 (13 bytes)
1770817878.184915 sending message 112 to peer 0x5aafffdc1110 (9 bytes)
1770817878.184917 sending message 112 to peer 0x5aafffdc1110 (21 bytes)
1770817878.184918 sending message 112 to peer 0x5aafffdc1110 (13 bytes)
1770817878.184920 sending message 112 to peer 0x5aafffdc1110 (9 bytes)
1770817878.184922 sending message 112 to peer 0x5aafffdc1110 (16 bytes)
1770817878.184923 sending message 112 to peer 0x5aafffdc1110 (13 bytes)
1770817878.184925 sending message 112 to peer 0x5aafffdc1110 (9 bytes)
1770817878.184926 sending message 112 to peer 0x5aafffdc1110 (9 bytes)
1770817878.184928 sending message 112 to peer 0x5aafffdc1110 (12 bytes)
1770817878.184930 sending message 112 to peer 0x5aafffdc1110 (8 bytes)
1770817878.184931 sending message 112 to peer 0x5aafffdc1110 (8 bytes)
1770817878.184933 sending message 112 to peer 0x5aafffdc1110 (13 bytes)
1770817878.184935 sending message 112 to peer 0x5aafffdc1110 (7 bytes)
1770817878.184936 sending message 112 to peer 0x5aafffdc1110 (7 bytes)
1770817878.184938 sending message 112 to peer 0x5aafffdc1110 (9 bytes)
1770817878.184940 sending message 112 to peer 0x5aafffdc1110 (9 bytes)
1770817878.184941 sending message 112 to peer 0x5aafffdc1110 (15 bytes)
1770817878.184943 sending message 112 to peer 0x5aafffdc1110 (13 bytes)
1770817878.184944 sending message 112 to peer 0x5aafffdc1110 (12 bytes)
1770817878.184946 sending message 112 to peer 0x5aafffdc1110 (8 bytes)
1770817878.184948 sending message 112 to peer 0x5aafffdc1110 (14 bytes)
1770817878.184949 sending message 112 to peer 0x5aafffdc1110 (11 bytes)
1770817878.184957 sending message 112 to peer 0x5aafffdc1110 (9 bytes)
1770817878.184959 sending message 112 to peer 0x5aafffdc1110 (10 bytes)
1770817878.184961 sending message 112 to peer 0x5aafffdc1110 (10 bytes)
1770817878.184963 sending message 112 to peer 0x5aafffdc1110 (10 bytes)
1770817878.184964 sending message 112 to peer 0x5aafffdc1110 (10 bytes)
1770817878.184966 sending message 112 to peer 0x5aafffdc1110 (11 bytes)
1770817878.184968 sending message 112 to peer 0x5aafffdc1110 (12 bytes)
1770817878.184969 sending message 112 to peer 0x5aafffdc1110 (12 bytes)
1770817878.184971 sending message 112 to peer 0x5aafffdc1110 (12 bytes)
1770817878.184973 sending message 112 to peer 0x5aafffdc1110 (12 bytes)
1770817878.184974 sending message 112 to peer 0x5aafffdc1110 (12 bytes)
1770817878.184976 sending message 112 to peer 0x5aafffdc1110 (11 bytes)
1770817878.184977 sending message 112 to peer 0x5aafffdc1110 (11 bytes)
1770817878.184979 sending message 112 to peer 0x5aafffdc1110 (12 bytes)
1770817878.184981 sending message 112 to peer 0x5aafffdc1110 (12 bytes)
1770817878.184982 sending message 112 to peer 0x5aafffdc1110 (12 bytes)
1770817878.184984 sending message 112 to peer 0x5aafffdc1110 (12 bytes)
1770817878.184986 sending message 112 to peer 0x5aafffdc1110 (12 bytes)
1770817878.184988 sending message 112 to peer 0x5aafffdc1110 (9 bytes)
1770817878.184989 sending message 112 to peer 0x5aafffdc1110 (12 bytes)
1770817878.184991 sending message 112 to peer 0x5aafffdc1110 (13 bytes)
1770817878.184993 sending message 112 to peer 0x5aafffdc1110 (13 bytes)
1770817878.184994 sending message 112 to peer 0x5aafffdc1110 (13 bytes)
1770817878.184996 sending message 112 to peer 0x5aafffdc1110 (13 bytes)
1770817878.184997 sending message 112 to peer 0x5aafffdc1110 (13 bytes)
1770817878.184999 sending message 112 to peer 0x5aafffdc1110 (8 bytes)
1770817878.185001 sending message 112 to peer 0x5aafffdc1110 (11 bytes)
1770817878.185002 sending message 112 to peer 0x5aafffdc1110 (11 bytes)
1770817878.185004 sending message 112 to peer 0x5aafffdc1110 (11 bytes)
1770817878.185006 sending message 112 to peer 0x5aafffdc1110 (12 bytes)
1770817878.185008 sending message 112 to peer 0x5aafffdc1110 (12 bytes)
1770817878.185009 sending message 112 to peer 0x5aafffdc1110 (12 bytes)
1770817878.185011 sending message 112 to peer 0x5aafffdc1110 (12 bytes)
1770817878.185013 sending message 112 to peer 0x5aafffdc1110 (13 bytes)
1770817878.185014 sending message 112 to peer 0x5aafffdc1110 (13 bytes)
1770817878.185016 sending message 112 to peer 0x5aafffdc1110 (13 bytes)
1770817878.185018 sending message 112 to peer 0x5aafffdc1110 (8 bytes)
1770817878.185019 sending message 112 to peer 0x5aafffdc1110 (13 bytes)
1770817878.185021 sending message 112 to peer 0x5aafffdc1110 (13 bytes)
1770817878.185023 sending message 112 to peer 0x5aafffdc1110 (13 bytes)
1770817878.185024 sending message 112 to peer 0x5aafffdc1110 (13 bytes)
1770817878.185026 sending message 112 to peer 0x5aafffdc1110 (13 bytes)
1770817878.185028 sending message 112 to peer 0x5aafffdc1110 (12 bytes)
1770817878.185029 sending message 112 to peer 0x5aafffdc1110 (12 bytes)
1770817878.185031 sending message 112 to peer 0x5aafffdc1110 (12 bytes)
1770817878.185033 sending message 112 to peer 0x5aafffdc1110 (12 bytes)
1770817878.185034 sending message 112 to peer 0x5aafffdc1110 (13 bytes)
1770817878.185036 sending message 112 to peer 0x5aafffdc1110 (8 bytes)
1770817878.185037 sending message 112 to peer 0x5aafffdc1110 (13 bytes)
1770817878.185039 sending message 112 to peer 0x5aafffdc1110 (13 bytes)
1770817878.185041 sending message 112 to peer 0x5aafffdc1110 (13 bytes)
1770817878.185043 sending message 112 to peer 0x5aafffdc1110 (13 bytes)
1770817878.185044 sending message 112 to peer 0x5aafffdc1110 (13 bytes)
1770817878.185046 sending message 112 to peer 0x5aafffdc1110 (13 bytes)
1770817878.185048 sending message 112 to peer 0x5aafffdc1110 (13 bytes)
1770817878.185049 sending message 112 to peer 0x5aafffdc1110 (12 bytes)
1770817878.185051 sending message 112 to peer 0x5aafffdc1110 (12 bytes)
1770817878.185056 sending message 112 to peer 0x5aafffdc1110 (12 bytes)
1770817878.185058 sending message 112 to peer 0x5aafffdc1110 (8 bytes)
1770817878.185060 sending message 112 to peer 0x5aafffdc1110 (12 bytes)
1770817878.185061 sending message 112 to peer 0x5aafffdc1110 (13 bytes)
1770817878.185063 sending message 112 to peer 0x5aafffdc1110 (13 bytes)
1770817878.185065 sending message 112 to peer 0x5aafffdc1110 (13 bytes)
1770817878.185067 sending message 112 to peer 0x5aafffdc1110 (13 bytes)
1770817878.185068 sending message 112 to peer 0x5aafffdc1110 (13 bytes)
1770817878.185070 sending message 112 to peer 0x5aafffdc1110 (13 bytes)
1770817878.185071 sending message 112 to peer 0x5aafffdc1110 (13 bytes)
1770817878.185073 sending message 112 to peer 0x5aafffdc1110 (13 bytes)
1770817878.185075 sending message 112 to peer 0x5aafffdc1110 (12 bytes)
1770817878.185076 sending message 112 to peer 0x5aafffdc1110 (10 bytes)
1770817878.185078 sending message 112 to peer 0x5aafffdc1110 (12 bytes)
1770817878.185080 sending message 112 to peer 0x5aafffdc1110 (12 bytes)
1770817878.185081 sending message 112 to peer 0x5aafffdc1110 (12 bytes)
1770817878.185083 sending message 112 to peer 0x5aafffdc1110 (13 bytes)
1770817878.185085 sending message 112 to peer 0x5aafffdc1110 (13 bytes)
1770817878.185086 sending message 112 to peer 0x5aafffdc1110 (13 bytes)
1770817878.185088 sending message 112 to peer 0x5aafffdc1110 (13 bytes)
1770817878.185090 sending message 112 to peer 0x5aafffdc1110 (13 bytes)
1770817878.185091 sending message 112 to peer 0x5aafffdc1110 (13 bytes)
1770817878.185093 sending message 112 to peer 0x5aafffdc1110 (13 bytes)
1770817878.185095 sending message 112 to peer 0x5aafffdc1110 (10 bytes)
1770817878.185096 sending message 112 to peer 0x5aafffdc1110 (13 bytes)
1770817878.185098 sending message 112 to peer 0x5aafffdc1110 (12 bytes)
1770817878.185099 sending message 112 to peer 0x5aafffdc1110 (12 bytes)
1770817878.185101 sending message 112 to peer 0x5aafffdc1110 (12 bytes)
1770817878.185103 sending message 112 to peer 0x5aafffdc1110 (10 bytes)
1770817878.185104 sending message 112 to peer 0x5aafffdc1110 (10 bytes)
1770817878.185106 sending message 112 to peer 0x5aafffdc1110 (10 bytes)
1770817878.185108 sending message 112 to peer 0x5aafffdc1110 (12 bytes)
1770817878.185109 sending message 112 to peer 0x5aafffdc1110 (13 bytes)
1770817878.185111 sending message 112 to peer 0x5aafffdc1110 (13 bytes)
1770817878.185113 sending message 112 to peer 0x5aafffdc1110 (13 bytes)
1770817878.185114 sending message 112 to peer 0x5aafffdc1110 (13 bytes)
1770817878.185116 sending message 112 to peer 0x5aafffdc1110 (13 bytes)
1770817878.185118 sending message 112 to peer 0x5aafffdc1110 (10 bytes)
1770817878.185119 sending message 112 to peer 0x5aafffdc1110 (11 bytes)
1770817878.185121 sending message 112 to peer 0x5aafffdc1110 (12 bytes)
1770817878.185122 sending message 112 to peer 0x5aafffdc1110 (12 bytes)
1770817878.185124 sending message 112 to peer 0x5aafffdc1110 (12 bytes)
1770817878.185126 sending message 112 to peer 0x5aafffdc1110 (12 bytes)
1770817878.185127 sending message 112 to peer 0x5aafffdc1110 (12 bytes)
1770817878.185129 sending message 112 to peer 0x5aafffdc1110 (11 bytes)
1770817878.185131 sending message 112 to peer 0x5aafffdc1110 (12 bytes)
1770817878.185132 sending message 112 to peer 0x5aafffdc1110 (12 bytes)
1770817878.185134 sending message 112 to peer 0x5aafffdc1110 (13 bytes)
1770817878.185136 sending message 112 to peer 0x5aafffdc1110 (13 bytes)
1770817878.185137 sending message 112 to peer 0x5aafffdc1110 (13 bytes)
1770817878.185139 sending message 112 to peer 0x5aafffdc1110 (13 bytes)
1770817878.185140 sending message 112 to peer 0x5aafffdc1110 (13 bytes)
1770817878.185142 sending message 112 to peer 0x5aafffdc1110 (10 bytes)
1770817878.185144 sending message 112 to peer 0x5aafffdc1110 (9 bytes)
1770817878.185145 sending message 112 to peer 0x5aafffdc1110 (12 bytes)
1770817878.185147 sending message 112 to peer 0x5aafffdc1110 (13 bytes)
1770817878.185149 sending message 112 to peer 0x5aafffdc1110 (13 bytes)
1770817878.185154 sending message 112 to peer 0x5aafffdc1110 (13 bytes)
1770817878.185155 sending message 112 to peer 0x5aafffdc1110 (13 bytes)
1770817878.185157 sending message 112 to peer 0x5aafffdc1110 (13 bytes)
1770817878.185159 sending message 112 to peer 0x5aafffdc1110 (9 bytes)
1770817878.185160 sending message 112 to peer 0x5aafffdc1110 (12 bytes)
1770817878.185162 sending message 112 to peer 0x5aafffdc1110 (13 bytes)
1770817878.185164 sending message 112 to peer 0x5aafffdc1110 (13 bytes)
1770817878.185165 sending message 112 to peer 0x5aafffdc1110 (13 bytes)
1770817878.185167 sending message 112 to peer 0x5aafffdc1110 (13 bytes)
1770817878.185169 sending message 112 to peer 0x5aafffdc1110 (13 bytes)
1770817878.185170 sending message 112 to peer 0x5aafffdc1110 (11 bytes)
1770817878.185172 sending message 112 to peer 0x5aafffdc1110 (12 bytes)
1770817878.185174 sending message 112 to peer 0x5aafffdc1110 (13 bytes)
1770817878.185175 sending message 112 to peer 0x5aafffdc1110 (13 bytes)
1770817878.185177 sending message 112 to peer 0x5aafffdc1110 (13 bytes)
1770817878.185179 sending message 112 to peer 0x5aafffdc1110 (13 bytes)
1770817878.185180 sending message 112 to peer 0x5aafffdc1110 (13 bytes)
1770817878.185182 sending message 112 to peer 0x5aafffdc1110 (11 bytes)
1770817878.185184 sending message 112 to peer 0x5aafffdc1110 (12 bytes)
1770817878.185185 sending message 112 to peer 0x5aafffdc1110 (12 bytes)
1770817878.185187 sending message 112 to peer 0x5aafffdc1110 (12 bytes)
1770817878.185189 sending message 112 to peer 0x5aafffdc1110 (12 bytes)
1770817878.185190 sending message 112 to peer 0x5aafffdc1110 (12 bytes)
1770817878.185192 sending message 112 to peer 0x5aafffdc1110 (21 bytes)
1770817878.185194 sending message 112 to peer 0x5aafffdc1110 (12 bytes)
1770817878.185195 sending message 112 to peer 0x5aafffdc1110 (9 bytes)
1770817878.185197 sending message 112 to peer 0x5aafffdc1110 (6 bytes)
1770817878.185199 sending message 112 to peer 0x5aafffdc1110 (13 bytes)
1770817878.185200 sending message 112 to peer 0x5aafffdc1110 (10 bytes)
1770817878.185202 sending message 112 to peer 0x5aafffdc1110 (24 bytes)
1770817878.185204 sending message 112 to peer 0x5aafffdc1110 (13 bytes)
1770817878.185205 sending message 112 to peer 0x5aafffdc1110 (9 bytes)
1770817878.185207 sending message 112 to peer 0x5aafffdc1110 (70 bytes)
1770817878.185209 sending message 112 to peer 0x5aafffdc1110 (69 bytes)
1770817878.185210 sending message 112 to peer 0x5aafffdc1110 (12 bytes)
1770817878.185212 sending message 112 to peer 0x5aafffdc1110 (10 bytes)
1770817878.185214 sending message 112 to peer 0x5aafffdc1110 (10 bytes)
1770817878.185216 sending message 112 to peer 0x5aafffdc1110 (24 bytes)
1770817878.185217 sending message 112 to peer 0x5aafffdc1110 (13 bytes)
1770817878.185219 sending message 112 to peer 0x5aafffdc1110 (10 bytes)
1770817878.185221 sending message 112 to peer 0x5aafffdc1110 (10 bytes)
1770817878.185222 sending message 112 to peer 0x5aafffdc1110 (10 bytes)
1770817878.185224 sending message 112 to peer 0x5aafffdc1110 (13 bytes)
1770817878.185226 sending message 112 to peer 0x5aafffdc1110 (15 bytes)
1770817878.185227 sending message 112 to peer 0x5aafffdc1110 (5 bytes)
1770817878.185230 sending message 104 to peer 0x5aafffdc1110 (0 bytes)
1770817878.185232 sending message 110 to peer 0x5aafffdc1110 (0 bytes)
1770817878.185234 sending message 107 to peer 0x5aafffdc1110 (4 bytes)
1770817878.185235 sending message 105 to peer 0x5aafffdc1110 (16 bytes)
1770817878.185237 sending message 105 to peer 0x5aafffdc1110 (17 bytes)
1770817878.185239 sending message 105 to peer 0x5aafffdc1110 (394 bytes)
1770817878.185241 sending message 105 to peer 0x5aafffdc1110 (20 bytes)
1770817878.185242 sending message 105 to peer 0x5aafffdc1110 (32 bytes)
1770817878.185244 sending message 105 to peer 0x5aafffdc1110 (11 bytes)
1770817878.185246 sending message 105 to peer 0x5aafffdc1110 (26 bytes)
1770817878.185247 sending message 105 to peer 0x5aafffdc1110 (40 bytes)
1770817878.185249 sending message 105 to peer 0x5aafffdc1110 (24 bytes)
1770817878.185254 sending message 105 to peer 0x5aafffdc1110 (33 bytes)
1770817878.185256 sending message 105 to peer 0x5aafffdc1110 (48 bytes)
1770817878.185257 sending message 105 to peer 0x5aafffdc1110 (53 bytes)
1770817878.185259 sending message 105 to peer 0x5aafffdc1110 (35 bytes)
1770817878.185261 sending message 105 to peer 0x5aafffdc1110 (11 bytes)
1770817878.185263 sending message 105 to peer 0x5aafffdc1110 (22 bytes)
1770817878.185264 sending message 105 to peer 0x5aafffdc1110 (16 bytes)
1770817878.185266 sending message 105 to peer 0x5aafffdc1110 (10 bytes)
1770817878.185268 sending message 105 to peer 0x5aafffdc1110 (13 bytes)
1770817878.185269 sending message 105 to peer 0x5aafffdc1110 (37 bytes)
1770817878.185271 sending message 105 to peer 0x5aafffdc1110 (54 bytes)
1770817878.185273 sending message 105 to peer 0x5aafffdc1110 (110 bytes)
1770817878.185275 sending message 105 to peer 0x5aafffdc1110 (227 bytes)
1770817878.185276 sending message 105 to peer 0x5aafffdc1110 (60 bytes)
1770817878.185278 sending message 105 to peer 0x5aafffdc1110 (9 bytes)
1770817878.185280 sending message 105 to peer 0x5aafffdc1110 (525 bytes)
1770817878.185281 sending message 105 to peer 0x5aafffdc1110 (15 bytes)
1770817878.185283 sending message 105 to peer 0x5aafffdc1110 (12 bytes)
1770817878.185285 sending message 105 to peer 0x5aafffdc1110 (29 bytes)
1770817878.185286 sending message 105 to peer 0x5aafffdc1110 (167 bytes)
1770817878.185288 sending message 105 to peer 0x5aafffdc1110 (109 bytes)
1770817878.185290 sending message 105 to peer 0x5aafffdc1110 (43 bytes)
1770817878.185292 sending message 105 to peer 0x5aafffdc1110 (13 bytes)
1770817878.185293 sending message 105 to peer 0x5aafffdc1110 (119 bytes)
1770817878.185295 sending message 105 to peer 0x5aafffdc1110 (112 bytes)
1770817878.185297 sending message 105 to peer 0x5aafffdc1110 (14 bytes)
1770817878.185298 sending message 105 to peer 0x5aafffdc1110 (57 bytes)
1770817878.185300 sending message 105 to peer 0x5aafffdc1110 (413 bytes)
1770817878.185302 sending message 105 to peer 0x5aafffdc1110 (687 bytes)
1770817878.185304 sending message 105 to peer 0x5aafffdc1110 (20 bytes)
1770817878.185305 sending message 105 to peer 0x5aafffdc1110 (53 bytes)
1770817878.185307 sending message 105 to peer 0x5aafffdc1110 (8 bytes)
1770817878.185309 sending message 105 to peer 0x5aafffdc1110 (11 bytes)
1770817878.185310 sending message 105 to peer 0x5aafffdc1110 (301 bytes)
1770817878.185312 sending message 105 to peer 0x5aafffdc1110 (31 bytes)
1770817878.185314 sending message 105 to peer 0x5aafffdc1110 (64 bytes)
1770817878.185316 sending message 105 to peer 0x5aafffdc1110 (72 bytes)
1770817878.185317 sending message 105 to peer 0x5aafffdc1110 (258 bytes)
1770817878.185319 sending message 105 to peer 0x5aafffdc1110 (204 bytes)
1770817878.185321 sending message 105 to peer 0x5aafffdc1110 (215 bytes)
1770817878.185323 sending message 105 to peer 0x5aafffdc1110 (39 bytes)
1770817878.185324 sending message 105 to peer 0x5aafffdc1110 (29 bytes)
1770817878.185326 sending message 105 to peer 0x5aafffdc1110 (25 bytes)
1770817878.185328 sending message 105 to peer 0x5aafffdc1110 (112 bytes)
1770817878.185329 sending message 105 to peer 0x5aafffdc1110 (49 bytes)
1770817878.185331 sending message 105 to peer 0x5aafffdc1110 (29 bytes)
1770817878.185333 sending message 105 to peer 0x5aafffdc1110 (23 bytes)
1770817878.185334 sending message 105 to peer 0x5aafffdc1110 (40 bytes)
1770817878.185336 sending message 105 to peer 0x5aafffdc1110 (1917 bytes)
1770817878.185343 sending message 105 to peer 0x5aafffdc1110 (8 bytes)
1770817878.185345 sending message 105 to peer 0x5aafffdc1110 (32 bytes)
1770817878.185347 sending message 105 to peer 0x5aafffdc1110 (19 bytes)
1770817878.185348 sending message 105 to peer 0x5aafffdc1110 (38 bytes)
1770817878.185350 sending message 106 to peer 0x5aafffdc1110 (0 bytes)
1770817878.185381 sending message 200 to peer 0x5aafffdc1110 (4 bytes)
1770817878.185383 client loop enter
1770817878.185392 client_signal: Child exited
1770817878.222845 peer 0x5aafffdc1110 message 207
1770817878.222857 sending message 208 to peer 0x5aafffdc1110 (0 bytes)
1770817881.143364 peer 0x5aafffdc1110 message 203
1770817881.143376 sending message 205 to peer 0x5aafffdc1110 (0 bytes)
1770817881.143555 peer 0x5aafffdc1110 message 204
1770817881.143560 client loop exit
